<?xml version="1.0" encoding="UTF-8"?>
<testsuite xmlns:xsi="http://www.w3.org/2001/XMLSchema-instance" xsi:noNamespaceSchemaLocation="https://maven.apache.org/surefire/maven-surefire-plugin/xsd/surefire-test-report.xsd" name="com.ebs.demo.ebsdemo.EBSDemoApplicationTests" time="0.342" tests="1" errors="1" skipped="0" failures="0">
  <properties>
    <property name="gopherProxySet" value="false"/>
    <property name="awt.toolkit" value="sun.lwawt.macosx.LWCToolkit"/>
    <property name="file.encoding.pkg" value="sun.io"/>
    <property name="java.specification.version" value="1.8"/>
    <property name="sun.cpu.isalist" value=""/>
    <property name="sun.jnu.encoding" value="UTF-8"/>
    <property name="java.class.path" value="/Users/ketangote/workspace_learning/aws-demo/spriing-boot-serverless-function/target/test-classes:/Users/ketangote/workspace_learning/aws-demo/spriing-boot-serverless-function/target/classes:/Users/ketangote/.m2/repository/org/springframework/boot/spring-boot-starter/2.4.0/spring-boot-starter-2.4.0.jar:/Users/ketangote/.m2/repository/org/springframework/boot/spring-boot/2.4.0/spring-boot-2.4.0.jar:/Users/ketangote/.m2/repository/org/springframework/spring-context/5.3.1/spring-context-5.3.1.jar:/Users/ketangote/.m2/repository/org/springframework/spring-aop/5.3.1/spring-aop-5.3.1.jar:/Users/ketangote/.m2/repository/org/springframework/spring-beans/5.3.1/spring-beans-5.3.1.jar:/Users/ketangote/.m2/repository/org/springframework/spring-expression/5.3.1/spring-expression-5.3.1.jar:/Users/ketangote/.m2/repository/org/springframework/boot/spring-boot-autoconfigure/2.4.0/spring-boot-autoconfigure-2.4.0.jar:/Users/ketangote/.m2/repository/org/springframework/boot/spring-boot-starter-logging/2.4.0/spring-boot-starter-logging-2.4.0.jar:/Users/ketangote/.m2/repository/ch/qos/logback/logback-classic/1.2.3/logback-classic-1.2.3.jar:/Users/ketangote/.m2/repository/ch/qos/logback/logback-core/1.2.3/logback-core-1.2.3.jar:/Users/ketangote/.m2/repository/org/apache/logging/log4j/log4j-to-slf4j/2.13.3/log4j-to-slf4j-2.13.3.jar:/Users/ketangote/.m2/repository/org/apache/logging/log4j/log4j-api/2.13.3/log4j-api-2.13.3.jar:/Users/ketangote/.m2/repository/org/slf4j/jul-to-slf4j/1.7.30/jul-to-slf4j-1.7.30.jar:/Users/ketangote/.m2/repository/jakarta/annotation/jakarta.annotation-api/1.3.5/jakarta.annotation-api-1.3.5.jar:/Users/ketangote/.m2/repository/org/springframework/spring-core/5.3.1/spring-core-5.3.1.jar:/Users/ketangote/.m2/repository/org/springframework/spring-jcl/5.3.1/spring-jcl-5.3.1.jar:/Users/ketangote/.m2/repository/org/yaml/snakeyaml/1.27/snakeyaml-1.27.jar:/Users/ketangote/.m2/repository/org/springframework/cloud/spring-cloud-starter-function-web/3.1.0/spring-cloud-starter-function-web-3.1.0.jar:/Users/ketangote/.m2/repository/org/springframework/cloud/spring-cloud-function-web/3.1.0/spring-cloud-function-web-3.1.0.jar:/Users/ketangote/.m2/repository/org/springframework/cloud/spring-cloud-function-context/3.1.0/spring-cloud-function-context-3.1.0.jar:/Users/ketangote/.m2/repository/net/jodah/typetools/0.6.2/typetools-0.6.2.jar:/Users/ketangote/.m2/repository/org/springframework/cloud/spring-cloud-function-core/3.1.0/spring-cloud-function-core-3.1.0.jar:/Users/ketangote/.m2/repository/io/projectreactor/reactor-core/3.4.0/reactor-core-3.4.0.jar:/Users/ketangote/.m2/repository/org/reactivestreams/reactive-streams/1.0.3/reactive-streams-1.0.3.jar:/Users/ketangote/.m2/repository/org/springframework/spring-messaging/5.3.1/spring-messaging-5.3.1.jar:/Users/ketangote/.m2/repository/com/fasterxml/jackson/core/jackson-databind/2.11.3/jackson-databind-2.11.3.jar:/Users/ketangote/.m2/repository/com/fasterxml/jackson/core/jackson-annotations/2.11.3/jackson-annotations-2.11.3.jar:/Users/ketangote/.m2/repository/com/fasterxml/jackson/core/jackson-core/2.11.3/jackson-core-2.11.3.jar:/Users/ketangote/.m2/repository/org/springframework/boot/spring-boot-starter-web/2.4.0/spring-boot-starter-web-2.4.0.jar:/Users/ketangote/.m2/repository/org/springframework/boot/spring-boot-starter-json/2.4.0/spring-boot-starter-json-2.4.0.jar:/Users/ketangote/.m2/repository/com/fasterxml/jackson/datatype/jackson-datatype-jdk8/2.11.3/jackson-datatype-jdk8-2.11.3.jar:/Users/ketangote/.m2/repository/com/fasterxml/jackson/datatype/jackson-datatype-jsr310/2.11.3/jackson-datatype-jsr310-2.11.3.jar:/Users/ketangote/.m2/repository/com/fasterxml/jackson/module/jackson-module-parameter-names/2.11.3/jackson-module-parameter-names-2.11.3.jar:/Users/ketangote/.m2/repository/org/springframework/boot/spring-boot-starter-tomcat/2.4.0/spring-boot-starter-tomcat-2.4.0.jar:/Users/ketangote/.m2/repository/org/apache/tomcat/embed/tomcat-embed-core/9.0.39/tomcat-embed-core-9.0.39.jar:/Users/ketangote/.m2/repository/org/glassfish/jakarta.el/3.0.3/jakarta.el-3.0.3.jar:/Users/ketangote/.m2/repository/org/apache/tomcat/embed/tomcat-embed-websocket/9.0.39/tomcat-embed-websocket-9.0.39.jar:/Users/ketangote/.m2/repository/org/springframework/spring-web/5.3.1/spring-web-5.3.1.jar:/Users/ketangote/.m2/repository/org/springframework/spring-webmvc/5.3.1/spring-webmvc-5.3.1.jar:/Users/ketangote/.m2/repository/org/springframework/boot/spring-boot-starter-test/2.4.0/spring-boot-starter-test-2.4.0.jar:/Users/ketangote/.m2/repository/org/springframework/boot/spring-boot-test/2.4.0/spring-boot-test-2.4.0.jar:/Users/ketangote/.m2/repository/org/springframework/boot/spring-boot-test-autoconfigure/2.4.0/spring-boot-test-autoconfigure-2.4.0.jar:/Users/ketangote/.m2/repository/com/jayway/jsonpath/json-path/2.4.0/json-path-2.4.0.jar:/Users/ketangote/.m2/repository/net/minidev/json-smart/2.3/json-smart-2.3.jar:/Users/ketangote/.m2/repository/net/minidev/accessors-smart/1.2/accessors-smart-1.2.jar:/Users/ketangote/.m2/repository/org/ow2/asm/asm/5.0.4/asm-5.0.4.jar:/Users/ketangote/.m2/repository/org/slf4j/slf4j-api/1.7.30/slf4j-api-1.7.30.jar:/Users/ketangote/.m2/repository/jakarta/xml/bind/jakarta.xml.bind-api/2.3.3/jakarta.xml.bind-api-2.3.3.jar:/Users/ketangote/.m2/repository/jakarta/activation/jakarta.activation-api/1.2.2/jakarta.activation-api-1.2.2.jar:/Users/ketangote/.m2/repository/org/assertj/assertj-core/3.18.1/assertj-core-3.18.1.jar:/Users/ketangote/.m2/repository/org/hamcrest/hamcrest/2.2/hamcrest-2.2.jar:/Users/ketangote/.m2/repository/org/junit/jupiter/junit-jupiter/5.7.0/junit-jupiter-5.7.0.jar:/Users/ketangote/.m2/repository/org/junit/jupiter/junit-jupiter-api/5.7.0/junit-jupiter-api-5.7.0.jar:/Users/ketangote/.m2/repository/org/apiguardian/apiguardian-api/1.1.0/apiguardian-api-1.1.0.jar:/Users/ketangote/.m2/repository/org/opentest4j/opentest4j/1.2.0/opentest4j-1.2.0.jar:/Users/ketangote/.m2/repository/org/junit/platform/junit-platform-commons/1.7.0/junit-platform-commons-1.7.0.jar:/Users/ketangote/.m2/repository/org/junit/jupiter/junit-jupiter-params/5.7.0/junit-jupiter-params-5.7.0.jar:/Users/ketangote/.m2/repository/org/junit/jupiter/junit-jupiter-engine/5.7.0/junit-jupiter-engine-5.7.0.jar:/Users/ketangote/.m2/repository/org/junit/platform/junit-platform-engine/1.7.0/junit-platform-engine-1.7.0.jar:/Users/ketangote/.m2/repository/org/mockito/mockito-core/3.6.0/mockito-core-3.6.0.jar:/Users/ketangote/.m2/repository/net/bytebuddy/byte-buddy/1.10.18/byte-buddy-1.10.18.jar:/Users/ketangote/.m2/repository/net/bytebuddy/byte-buddy-agent/1.10.18/byte-buddy-agent-1.10.18.jar:/Users/ketangote/.m2/repository/org/objenesis/objenesis/3.1/objenesis-3.1.jar:/Users/ketangote/.m2/repository/org/mockito/mockito-junit-jupiter/3.6.0/mockito-junit-jupiter-3.6.0.jar:/Users/ketangote/.m2/repository/org/skyscreamer/jsonassert/1.5.0/jsonassert-1.5.0.jar:/Users/ketangote/.m2/repository/com/vaadin/external/google/android-json/0.0.20131108.vaadin1/android-json-0.0.20131108.vaadin1.jar:/Users/ketangote/.m2/repository/org/springframework/spring-test/5.3.1/spring-test-5.3.1.jar:/Users/ketangote/.m2/repository/org/xmlunit/xmlunit-core/2.7.0/xmlunit-core-2.7.0.jar:"/>
    <property name="java.vm.vendor" value="Oracle Corporation"/>
    <property name="sun.arch.data.model" value="64"/>
    <property name="java.vendor.url" value="http://java.oracle.com/"/>
    <property name="user.timezone" value=""/>
    <property name="java.vm.specification.version" value="1.8"/>
    <property name="os.name" value="Mac OS X"/>
    <property name="user.country" value="US"/>
    <property name="sun.java.launcher" value="SUN_STANDARD"/>
    <property name="sun.boot.library.path" value="/Library/Java/JavaVirtualMachines/jdk1.8.0_121.jdk/Contents/Home/jre/lib"/>
    <property name="sun.java.command" value="/Users/ketangote/workspace_learning/aws-demo/spriing-boot-serverless-function/target/surefire/surefirebooter2139782236201724438.jar /Users/ketangote/workspace_learning/aws-demo/spriing-boot-serverless-function/target/surefire 2021-09-16T14-38-40_877-jvmRun1 surefire8015124222493050479tmp surefire_05527080208729436763tmp"/>
    <property name="http.nonProxyHosts" value="local|*.local|169.254/16|*.169.254/16"/>
    <property name="surefire.test.class.path" value="/Users/ketangote/workspace_learning/aws-demo/spriing-boot-serverless-function/target/test-classes:/Users/ketangote/workspace_learning/aws-demo/spriing-boot-serverless-function/target/classes:/Users/ketangote/.m2/repository/org/springframework/boot/spring-boot-starter/2.4.0/spring-boot-starter-2.4.0.jar:/Users/ketangote/.m2/repository/org/springframework/boot/spring-boot/2.4.0/spring-boot-2.4.0.jar:/Users/ketangote/.m2/repository/org/springframework/spring-context/5.3.1/spring-context-5.3.1.jar:/Users/ketangote/.m2/repository/org/springframework/spring-aop/5.3.1/spring-aop-5.3.1.jar:/Users/ketangote/.m2/repository/org/springframework/spring-beans/5.3.1/spring-beans-5.3.1.jar:/Users/ketangote/.m2/repository/org/springframework/spring-expression/5.3.1/spring-expression-5.3.1.jar:/Users/ketangote/.m2/repository/org/springframework/boot/spring-boot-autoconfigure/2.4.0/spring-boot-autoconfigure-2.4.0.jar:/Users/ketangote/.m2/repository/org/springframework/boot/spring-boot-starter-logging/2.4.0/spring-boot-starter-logging-2.4.0.jar:/Users/ketangote/.m2/repository/ch/qos/logback/logback-classic/1.2.3/logback-classic-1.2.3.jar:/Users/ketangote/.m2/repository/ch/qos/logback/logback-core/1.2.3/logback-core-1.2.3.jar:/Users/ketangote/.m2/repository/org/apache/logging/log4j/log4j-to-slf4j/2.13.3/log4j-to-slf4j-2.13.3.jar:/Users/ketangote/.m2/repository/org/apache/logging/log4j/log4j-api/2.13.3/log4j-api-2.13.3.jar:/Users/ketangote/.m2/repository/org/slf4j/jul-to-slf4j/1.7.30/jul-to-slf4j-1.7.30.jar:/Users/ketangote/.m2/repository/jakarta/annotation/jakarta.annotation-api/1.3.5/jakarta.annotation-api-1.3.5.jar:/Users/ketangote/.m2/repository/org/springframework/spring-core/5.3.1/spring-core-5.3.1.jar:/Users/ketangote/.m2/repository/org/springframework/spring-jcl/5.3.1/spring-jcl-5.3.1.jar:/Users/ketangote/.m2/repository/org/yaml/snakeyaml/1.27/snakeyaml-1.27.jar:/Users/ketangote/.m2/repository/org/springframework/cloud/spring-cloud-starter-function-web/3.1.0/spring-cloud-starter-function-web-3.1.0.jar:/Users/ketangote/.m2/repository/org/springframework/cloud/spring-cloud-function-web/3.1.0/spring-cloud-function-web-3.1.0.jar:/Users/ketangote/.m2/repository/org/springframework/cloud/spring-cloud-function-context/3.1.0/spring-cloud-function-context-3.1.0.jar:/Users/ketangote/.m2/repository/net/jodah/typetools/0.6.2/typetools-0.6.2.jar:/Users/ketangote/.m2/repository/org/springframework/cloud/spring-cloud-function-core/3.1.0/spring-cloud-function-core-3.1.0.jar:/Users/ketangote/.m2/repository/io/projectreactor/reactor-core/3.4.0/reactor-core-3.4.0.jar:/Users/ketangote/.m2/repository/org/reactivestreams/reactive-streams/1.0.3/reactive-streams-1.0.3.jar:/Users/ketangote/.m2/repository/org/springframework/spring-messaging/5.3.1/spring-messaging-5.3.1.jar:/Users/ketangote/.m2/repository/com/fasterxml/jackson/core/jackson-databind/2.11.3/jackson-databind-2.11.3.jar:/Users/ketangote/.m2/repository/com/fasterxml/jackson/core/jackson-annotations/2.11.3/jackson-annotations-2.11.3.jar:/Users/ketangote/.m2/repository/com/fasterxml/jackson/core/jackson-core/2.11.3/jackson-core-2.11.3.jar:/Users/ketangote/.m2/repository/org/springframework/boot/spring-boot-starter-web/2.4.0/spring-boot-starter-web-2.4.0.jar:/Users/ketangote/.m2/repository/org/springframework/boot/spring-boot-starter-json/2.4.0/spring-boot-starter-json-2.4.0.jar:/Users/ketangote/.m2/repository/com/fasterxml/jackson/datatype/jackson-datatype-jdk8/2.11.3/jackson-datatype-jdk8-2.11.3.jar:/Users/ketangote/.m2/repository/com/fasterxml/jackson/datatype/jackson-datatype-jsr310/2.11.3/jackson-datatype-jsr310-2.11.3.jar:/Users/ketangote/.m2/repository/com/fasterxml/jackson/module/jackson-module-parameter-names/2.11.3/jackson-module-parameter-names-2.11.3.jar:/Users/ketangote/.m2/repository/org/springframework/boot/spring-boot-starter-tomcat/2.4.0/spring-boot-starter-tomcat-2.4.0.jar:/Users/ketangote/.m2/repository/org/apache/tomcat/embed/tomcat-embed-core/9.0.39/tomcat-embed-core-9.0.39.jar:/Users/ketangote/.m2/repository/org/glassfish/jakarta.el/3.0.3/jakarta.el-3.0.3.jar:/Users/ketangote/.m2/repository/org/apache/tomcat/embed/tomcat-embed-websocket/9.0.39/tomcat-embed-websocket-9.0.39.jar:/Users/ketangote/.m2/repository/org/springframework/spring-web/5.3.1/spring-web-5.3.1.jar:/Users/ketangote/.m2/repository/org/springframework/spring-webmvc/5.3.1/spring-webmvc-5.3.1.jar:/Users/ketangote/.m2/repository/org/springframework/boot/spring-boot-starter-test/2.4.0/spring-boot-starter-test-2.4.0.jar:/Users/ketangote/.m2/repository/org/springframework/boot/spring-boot-test/2.4.0/spring-boot-test-2.4.0.jar:/Users/ketangote/.m2/repository/org/springframework/boot/spring-boot-test-autoconfigure/2.4.0/spring-boot-test-autoconfigure-2.4.0.jar:/Users/ketangote/.m2/repository/com/jayway/jsonpath/json-path/2.4.0/json-path-2.4.0.jar:/Users/ketangote/.m2/repository/net/minidev/json-smart/2.3/json-smart-2.3.jar:/Users/ketangote/.m2/repository/net/minidev/accessors-smart/1.2/accessors-smart-1.2.jar:/Users/ketangote/.m2/repository/org/ow2/asm/asm/5.0.4/asm-5.0.4.jar:/Users/ketangote/.m2/repository/org/slf4j/slf4j-api/1.7.30/slf4j-api-1.7.30.jar:/Users/ketangote/.m2/repository/jakarta/xml/bind/jakarta.xml.bind-api/2.3.3/jakarta.xml.bind-api-2.3.3.jar:/Users/ketangote/.m2/repository/jakarta/activation/jakarta.activation-api/1.2.2/jakarta.activation-api-1.2.2.jar:/Users/ketangote/.m2/repository/org/assertj/assertj-core/3.18.1/assertj-core-3.18.1.jar:/Users/ketangote/.m2/repository/org/hamcrest/hamcrest/2.2/hamcrest-2.2.jar:/Users/ketangote/.m2/repository/org/junit/jupiter/junit-jupiter/5.7.0/junit-jupiter-5.7.0.jar:/Users/ketangote/.m2/repository/org/junit/jupiter/junit-jupiter-api/5.7.0/junit-jupiter-api-5.7.0.jar:/Users/ketangote/.m2/repository/org/apiguardian/apiguardian-api/1.1.0/apiguardian-api-1.1.0.jar:/Users/ketangote/.m2/repository/org/opentest4j/opentest4j/1.2.0/opentest4j-1.2.0.jar:/Users/ketangote/.m2/repository/org/junit/platform/junit-platform-commons/1.7.0/junit-platform-commons-1.7.0.jar:/Users/ketangote/.m2/repository/org/junit/jupiter/junit-jupiter-params/5.7.0/junit-jupiter-params-5.7.0.jar:/Users/ketangote/.m2/repository/org/junit/jupiter/junit-jupiter-engine/5.7.0/junit-jupiter-engine-5.7.0.jar:/Users/ketangote/.m2/repository/org/junit/platform/junit-platform-engine/1.7.0/junit-platform-engine-1.7.0.jar:/Users/ketangote/.m2/repository/org/mockito/mockito-core/3.6.0/mockito-core-3.6.0.jar:/Users/ketangote/.m2/repository/net/bytebuddy/byte-buddy/1.10.18/byte-buddy-1.10.18.jar:/Users/ketangote/.m2/repository/net/bytebuddy/byte-buddy-agent/1.10.18/byte-buddy-agent-1.10.18.jar:/Users/ketangote/.m2/repository/org/objenesis/objenesis/3.1/objenesis-3.1.jar:/Users/ketangote/.m2/repository/org/mockito/mockito-junit-jupiter/3.6.0/mockito-junit-jupiter-3.6.0.jar:/Users/ketangote/.m2/repository/org/skyscreamer/jsonassert/1.5.0/jsonassert-1.5.0.jar:/Users/ketangote/.m2/repository/com/vaadin/external/google/android-json/0.0.20131108.vaadin1/android-json-0.0.20131108.vaadin1.jar:/Users/ketangote/.m2/repository/org/springframework/spring-test/5.3.1/spring-test-5.3.1.jar:/Users/ketangote/.m2/repository/org/xmlunit/xmlunit-core/2.7.0/xmlunit-core-2.7.0.jar:"/>
    <property name="sun.cpu.endian" value="little"/>
    <property name="user.home" value="/Users/ketangote"/>
    <property name="user.language" value="en"/>
    <property name="java.specification.vendor" value="Oracle Corporation"/>
    <property name="java.home" value="/Library/Java/JavaVirtualMachines/jdk1.8.0_121.jdk/Contents/Home/jre"/>
    <property name="basedir" value="/Users/ketangote/workspace_learning/aws-demo/spriing-boot-serverless-function"/>
    <property name="file.separator" value="/"/>
    <property name="line.separator" value="&#10;"/>
    <property name="java.vm.specification.vendor" value="Oracle Corporation"/>
    <property name="java.specification.name" value="Java Platform API Specification"/>
    <property name="java.awt.graphicsenv" value="sun.awt.CGraphicsEnvironment"/>
    <property name="surefire.real.class.path" value="/Users/ketangote/workspace_learning/aws-demo/spriing-boot-serverless-function/target/surefire/surefirebooter2139782236201724438.jar"/>
    <property name="sun.boot.class.path" value="/Library/Java/JavaVirtualMachines/jdk1.8.0_121.jdk/Contents/Home/jre/lib/resources.jar:/Library/Java/JavaVirtualMachines/jdk1.8.0_121.jdk/Contents/Home/jre/lib/rt.jar:/Library/Java/JavaVirtualMachines/jdk1.8.0_121.jdk/Contents/Home/jre/lib/sunrsasign.jar:/Library/Java/JavaVirtualMachines/jdk1.8.0_121.jdk/Contents/Home/jre/lib/jsse.jar:/Library/Java/JavaVirtualMachines/jdk1.8.0_121.jdk/Contents/Home/jre/lib/jce.jar:/Library/Java/JavaVirtualMachines/jdk1.8.0_121.jdk/Contents/Home/jre/lib/charsets.jar:/Library/Java/JavaVirtualMachines/jdk1.8.0_121.jdk/Contents/Home/jre/lib/jfr.jar:/Library/Java/JavaVirtualMachines/jdk1.8.0_121.jdk/Contents/Home/jre/classes"/>
    <property name="sun.management.compiler" value="HotSpot 64-Bit Tiered Compilers"/>
    <property name="ftp.nonProxyHosts" value="local|*.local|169.254/16|*.169.254/16"/>
    <property name="java.runtime.version" value="1.8.0_121-b13"/>
    <property name="user.name" value="ketangote"/>
    <property name="path.separator" value=":"/>
    <property name="os.version" value="10.16"/>
    <property name="java.endorsed.dirs" value="/Library/Java/JavaVirtualMachines/jdk1.8.0_121.jdk/Contents/Home/jre/lib/endorsed"/>
    <property name="java.runtime.name" value="Java(TM) SE Runtime Environment"/>
    <property name="file.encoding" value="UTF-8"/>
    <property name="java.vm.name" value="Java HotSpot(TM) 64-Bit Server VM"/>
    <property name="localRepository" value="/Users/ketangote/.m2/repository"/>
    <property name="java.vendor.url.bug" value="http://bugreport.sun.com/bugreport/"/>
    <property name="java.io.tmpdir" value="/var/folders/h8/vncvjrn15vj3g530ttfvsrlh0000gn/T/"/>
    <property name="java.version" value="1.8.0_121"/>
    <property name="user.dir" value="/Users/ketangote/workspace_learning/aws-demo/spriing-boot-serverless-function"/>
    <property name="os.arch" value="x86_64"/>
    <property name="java.vm.specification.name" value="Java Virtual Machine Specification"/>
    <property name="java.awt.printerjob" value="sun.lwawt.macosx.CPrinterJob"/>
    <property name="sun.os.patch.level" value="unknown"/>
    <property name="java.library.path" value="/Users/ketangote/Library/Java/Extensions:/Library/Java/Extensions:/Network/Library/Java/Extensions:/System/Library/Java/Extensions:/usr/lib/java:."/>
    <property name="java.vm.info" value="mixed mode"/>
    <property name="java.vendor" value="Oracle Corporation"/>
    <property name="java.vm.version" value="25.121-b13"/>
    <property name="java.ext.dirs" value="/Users/ketangote/Library/Java/Extensions:/Library/Java/JavaVirtualMachines/jdk1.8.0_121.jdk/Contents/Home/jre/lib/ext:/Library/Java/Extensions:/Network/Library/Java/Extensions:/System/Library/Java/Extensions:/usr/lib/java"/>
    <property name="sun.io.unicode.encoding" value="UnicodeBig"/>
    <property name="java.class.version" value="52.0"/>
    <property name="socksNonProxyHosts" value="local|*.local|169.254/16|*.169.254/16"/>
  </properties>
  <testcase name="com.ebs.demo.ebsdemo.EBSDemoApplicationTests" classname="com.ebs.demo.ebsdemo.EBSDemoApplicationTests" time="0.341">
    <error message="Unable to find a @SpringBootConfiguration, you need to use @ContextConfiguration or @SpringBootTest(classes=...) with your test" type="java.lang.IllegalStateException">java.lang.IllegalStateException: Unable to find a @SpringBootConfiguration, you need to use @ContextConfiguration or @SpringBootTest(classes=...) with your test
</error>
    <system-out><![CDATA[14:38:42.689 [main] DEBUG org.springframework.test.context.BootstrapUtils - Instantiating CacheAwareContextLoaderDelegate from class [org.springframework.test.context.cache.DefaultCacheAwareContextLoaderDelegate]
14:38:42.703 [main] DEBUG org.springframework.test.context.BootstrapUtils - Instantiating BootstrapContext using constructor [public org.springframework.test.context.support.DefaultBootstrapContext(java.lang.Class,org.springframework.test.context.CacheAwareContextLoaderDelegate)]
14:38:42.750 [main] DEBUG org.springframework.test.context.BootstrapUtils - Instantiating TestContextBootstrapper for test class [com.ebs.demo.ebsdemo.EBSDemoApplicationTests] from class [org.springframework.boot.test.context.SpringBootTestContextBootstrapper]
14:38:42.763 [main] INFO org.springframework.boot.test.context.SpringBootTestContextBootstrapper - Neither @ContextConfiguration nor @ContextHierarchy found for test class [com.ebs.demo.ebsdemo.EBSDemoApplicationTests], using SpringBootContextLoader
14:38:42.767 [main] DEBUG org.springframework.test.context.support.AbstractContextLoader - Did not detect default resource location for test class [com.ebs.demo.ebsdemo.EBSDemoApplicationTests]: class path resource [com/ebs/demo/ebsdemo/EBSDemoApplicationTests-context.xml] does not exist
14:38:42.768 [main] DEBUG org.springframework.test.context.support.AbstractContextLoader - Did not detect default resource location for test class [com.ebs.demo.ebsdemo.EBSDemoApplicationTests]: class path resource [com/ebs/demo/ebsdemo/EBSDemoApplicationTestsContext.groovy] does not exist
14:38:42.768 [main] INFO org.springframework.test.context.support.AbstractContextLoader - Could not detect default resource locations for test class [com.ebs.demo.ebsdemo.EBSDemoApplicationTests]: no resource found for suffixes {-context.xml, Context.groovy}.
14:38:42.769 [main] INFO org.springframework.test.context.support.AnnotationConfigContextLoaderUtils - Could not detect default configuration classes for test class [com.ebs.demo.ebsdemo.EBSDemoApplicationTests]: EBSDemoApplicationTests does not declare any static, non-private, non-final, nested classes annotated with @Configuration.
14:38:42.824 [main] DEBUG org.springframework.test.context.support.ActiveProfilesUtils - Could not find an 'annotation declaring class' for annotation type [org.springframework.test.context.ActiveProfiles] and class [com.ebs.demo.ebsdemo.EBSDemoApplicationTests]
14:38:42.909 [main] DEBUG org.springframework.test.context.BootstrapUtils - Instantiating CacheAwareContextLoaderDelegate from class [org.springframework.test.context.cache.DefaultCacheAwareContextLoaderDelegate]
14:38:42.909 [main] DEBUG org.springframework.test.context.BootstrapUtils - Instantiating BootstrapContext using constructor [public org.springframework.test.context.support.DefaultBootstrapContext(java.lang.Class,org.springframework.test.context.CacheAwareContextLoaderDelegate)]
14:38:42.911 [main] DEBUG org.springframework.test.context.BootstrapUtils - Instantiating TestContextBootstrapper for test class [com.ebs.demo.ebsdemo.EBSDemoApplicationTests] from class [org.springframework.boot.test.context.SpringBootTestContextBootstrapper]
14:38:42.911 [main] INFO org.springframework.boot.test.context.SpringBootTestContextBootstrapper - Neither @ContextConfiguration nor @ContextHierarchy found for test class [com.ebs.demo.ebsdemo.EBSDemoApplicationTests], using SpringBootContextLoader
14:38:42.912 [main] DEBUG org.springframework.test.context.support.AbstractContextLoader - Did not detect default resource location for test class [com.ebs.demo.ebsdemo.EBSDemoApplicationTests]: class path resource [com/ebs/demo/ebsdemo/EBSDemoApplicationTests-context.xml] does not exist
14:38:42.912 [main] DEBUG org.springframework.test.context.support.AbstractContextLoader - Did not detect default resource location for test class [com.ebs.demo.ebsdemo.EBSDemoApplicationTests]: class path resource [com/ebs/demo/ebsdemo/EBSDemoApplicationTestsContext.groovy] does not exist
14:38:42.913 [main] INFO org.springframework.test.context.support.AbstractContextLoader - Could not detect default resource locations for test class [com.ebs.demo.ebsdemo.EBSDemoApplicationTests]: no resource found for suffixes {-context.xml, Context.groovy}.
14:38:42.913 [main] INFO org.springframework.test.context.support.AnnotationConfigContextLoaderUtils - Could not detect default configuration classes for test class [com.ebs.demo.ebsdemo.EBSDemoApplicationTests]: EBSDemoApplicationTests does not declare any static, non-private, non-final, nested classes annotated with @Configuration.
14:38:42.915 [main] DEBUG org.springframework.test.context.support.ActiveProfilesUtils - Could not find an 'annotation declaring class' for annotation type [org.springframework.test.context.ActiveProfiles] and class [com.ebs.demo.ebsdemo.EBSDemoApplicationTests]
14:38:42.926 [main] DEBUG org.springframework.test.context.BootstrapUtils - Instantiating CacheAwareContextLoaderDelegate from class [org.springframework.test.context.cache.DefaultCacheAwareContextLoaderDelegate]
14:38:42.926 [main] DEBUG org.springframework.test.context.BootstrapUtils - Instantiating BootstrapContext using constructor [public org.springframework.test.context.support.DefaultBootstrapContext(java.lang.Class,org.springframework.test.context.CacheAwareContextLoaderDelegate)]
14:38:42.927 [main] DEBUG org.springframework.test.context.BootstrapUtils - Instantiating TestContextBootstrapper for test class [com.ebs.demo.ebsdemo.EBSDemoApplicationTests] from class [org.springframework.boot.test.context.SpringBootTestContextBootstrapper]
14:38:42.928 [main] INFO org.springframework.boot.test.context.SpringBootTestContextBootstrapper - Neither @ContextConfiguration nor @ContextHierarchy found for test class [com.ebs.demo.ebsdemo.EBSDemoApplicationTests], using SpringBootContextLoader
14:38:42.929 [main] DEBUG org.springframework.test.context.support.AbstractContextLoader - Did not detect default resource location for test class [com.ebs.demo.ebsdemo.EBSDemoApplicationTests]: class path resource [com/ebs/demo/ebsdemo/EBSDemoApplicationTests-context.xml] does not exist
14:38:42.929 [main] DEBUG org.springframework.test.context.support.AbstractContextLoader - Did not detect default resource location for test class [com.ebs.demo.ebsdemo.EBSDemoApplicationTests]: class path resource [com/ebs/demo/ebsdemo/EBSDemoApplicationTestsContext.groovy] does not exist
14:38:42.929 [main] INFO org.springframework.test.context.support.AbstractContextLoader - Could not detect default resource locations for test class [com.ebs.demo.ebsdemo.EBSDemoApplicationTests]: no resource found for suffixes {-context.xml, Context.groovy}.
14:38:42.929 [main] INFO org.springframework.test.context.support.AnnotationConfigContextLoaderUtils - Could not detect default configuration classes for test class [com.ebs.demo.ebsdemo.EBSDemoApplicationTests]: EBSDemoApplicationTests does not declare any static, non-private, non-final, nested classes annotated with @Configuration.
14:38:42.932 [main] DEBUG org.springframework.test.context.support.ActiveProfilesUtils - Could not find an 'annotation declaring class' for annotation type [org.springframework.test.context.ActiveProfiles] and class [com.ebs.demo.ebsdemo.EBSDemoApplicationTests]
]]></system-out>
  </testcase>
</testsuite>